<?xml version="1.0" encoding="UTF-8"?>
<testng-results skipped="0" failed="0" total="1" passed="1">
  <reporter-output>
  </reporter-output>
  <suite name="Suite" duration-ms="344" started-at="2019-11-14T06:35:10Z" finished-at="2019-11-14T06:35:10Z">
    <groups>
    </groups>
    <test name="Test" duration-ms="344" started-at="2019-11-14T06:35:10Z" finished-at="2019-11-14T06:35:10Z">
      <class name="com.dev.build.BuildDev">
        <test-method status="PASS" signature="devBuild()[pri:0, instance:com.dev.build.BuildDev@7c0e2abd]" name="devBuild" duration-ms="61" started-at="2019-11-14T12:05:10Z" finished-at="2019-11-14T12:05:10Z">
          <reporter-output>
          </reporter-output>
        </test-method> <!-- devBuild -->
      </class> <!-- com.dev.build.BuildDev -->
    </test> <!-- Test -->
  </suite> <!-- Suite -->
</testng-results>
